0 info it worked if it ends with ok
1 verbose cli [ 'C:\\Program Files\\nodejs\\node.exe',
1 verbose cli   'C:\\Program Files\\nodejs\\node_modules\\npm\\bin\\npm-cli.js',
1 verbose cli   'run',
1 verbose cli   'dev' ]
2 info using npm@3.3.12
3 info using node@v5.5.0
4 verbose run-script [ 'predev', 'dev', 'postdev' ]
5 info lifecycle card-volume@1.0.0~predev: card-volume@1.0.0
6 silly lifecycle card-volume@1.0.0~predev: no script for predev, continuing
7 info lifecycle card-volume@1.0.0~dev: card-volume@1.0.0
8 verbose lifecycle card-volume@1.0.0~dev: unsafe-perm in lifecycle true
9 verbose lifecycle card-volume@1.0.0~dev: PATH: C:\Program Files\nodejs\node_modules\npm\bin\node-gyp-bin;D:\www\card-volume\node_modules\.bin;C:\Users\pat\bin;C:\Program Files\Git\mingw64\bin;C:\Program Files\Git\usr\local\bin;C:\Program Files\Git\usr\bin;C:\Program Files\Git\usr\bin;C:\Program Files\Git\mingw64\bin;C:\Program Files\Git\usr\bin;C:\Users\pat\bin;C:\Program Files (x86)\Common Files\NetSarang;C:\Windows\system32;C:\Windows;C:\Windows\System32\Wbem;C:\Windows\System32\WindowsPowerShell\v1.0;C:\Program Files\nodejs;C:\Users\pat\AppData\Local\atom\bin;C:\Users\pat\AppData\Roaming\npm;C:\Program Files\Git\usr\bin\vendor_perl;C:\Program Files\Git\usr\bin\core_perl
10 verbose lifecycle card-volume@1.0.0~dev: CWD: D:\www\card-volume
11 silly lifecycle card-volume@1.0.0~dev: Args: [ '/d /s /c', 'webpack --config webpack/webpack.config.dev.js' ]
12 silly lifecycle card-volume@1.0.0~dev: Returned: code: 3221225501  signal: null
13 info lifecycle card-volume@1.0.0~dev: Failed to exec dev script
14 verbose stack Error: card-volume@1.0.0 dev: `webpack --config webpack/webpack.config.dev.js`
14 verbose stack Exit status 3221225501
14 verbose stack     at EventEmitter.<anonymous> (C:\Program Files\nodejs\node_modules\npm\lib\utils\lifecycle.js:232:16)
14 verbose stack     at emitTwo (events.js:100:13)
14 verbose stack     at EventEmitter.emit (events.js:185:7)
14 verbose stack     at ChildProcess.<anonymous> (C:\Program Files\nodejs\node_modules\npm\lib\utils\spawn.js:24:14)
14 verbose stack     at emitTwo (events.js:100:13)
14 verbose stack     at ChildProcess.emit (events.js:185:7)
14 verbose stack     at maybeClose (internal/child_process.js:821:16)
14 verbose stack     at Process.ChildProcess._handle.onexit (internal/child_process.js:211:5)
15 verbose pkgid card-volume@1.0.0
16 verbose cwd D:\www\card-volume
17 error Windows_NT 6.1.7600
18 error argv "C:\\Program Files\\nodejs\\node.exe" "C:\\Program Files\\nodejs\\node_modules\\npm\\bin\\npm-cli.js" "run" "dev"
19 error node v5.5.0
20 error npm  v3.3.12
21 error code ELIFECYCLE
22 error card-volume@1.0.0 dev: `webpack --config webpack/webpack.config.dev.js`
22 error Exit status 3221225501
23 error Failed at the card-volume@1.0.0 dev script 'webpack --config webpack/webpack.config.dev.js'.
23 error Make sure you have the latest version of node.js and npm installed.
23 error If you do, this is most likely a problem with the card-volume package,
23 error not with npm itself.
23 error Tell the author that this fails on your system:
23 error     webpack --config webpack/webpack.config.dev.js
23 error You can get their info via:
23 error     npm owner ls card-volume
23 error There is likely additional logging output above.
24 verbose exit [ 1, true ]
